{"$message_type":"diagnostic","message":"the trait bound `DateTime<Utc>: Serialize` is not satisfied","code":{"code":"E0277","explanation":"You tried to use a type which doesn't implement some trait in a place which\nexpected that trait.\n\nErroneous code example:\n\n```compile_fail,E0277\n// here we declare the Foo trait with a bar method\ntrait Foo {\n    fn bar(&self);\n}\n\n// we now declare a function which takes an object implementing the Foo trait\nfn some_func<T: Foo>(foo: T) {\n    foo.bar();\n}\n\nfn main() {\n    // we now call the method with the i32 type, which doesn't implement\n    // the Foo trait\n    some_func(5i32); // error: the trait bound `i32 : Foo` is not satisfied\n}\n```\n\nIn order to fix this error, verify that the type you're using does implement\nthe trait. Example:\n\n```\ntrait Foo {\n    fn bar(&self);\n}\n\n// we implement the trait on the i32 type\nimpl Foo for i32 {\n    fn bar(&self) {}\n}\n\nfn some_func<T: Foo>(foo: T) {\n    foo.bar(); // we can now use this method since i32 implements the\n               // Foo trait\n}\n\nfn main() {\n    some_func(5i32); // ok!\n}\n```\n\nOr in a generic context, an erroneous code example would look like:\n\n```compile_fail,E0277\nfn some_func<T>(foo: T) {\n    println!(\"{:?}\", foo); // error: the trait `core::fmt::Debug` is not\n                           //        implemented for the type `T`\n}\n\nfn main() {\n    // We now call the method with the i32 type,\n    // which *does* implement the Debug trait.\n    some_func(5i32);\n}\n```\n\nNote that the error here is in the definition of the generic function. Although\nwe only call it with a parameter that does implement `Debug`, the compiler\nstill rejects the function. It must work with all possible input types. In\norder to make this example compile, we need to restrict the generic type we're\naccepting:\n\n```\nuse std::fmt;\n\n// Restrict the input type to types that implement Debug.\nfn some_func<T: fmt::Debug>(foo: T) {\n    println!(\"{:?}\", foo);\n}\n\nfn main() {\n    // Calling the method is still fine, as i32 implements Debug.\n    some_func(5i32);\n\n    // This would fail to compile now:\n    // struct WithoutDebug;\n    // some_func(WithoutDebug);\n}\n```\n\nRust only looks at the signature of the called function, as such it must\nalready specify all requirements that will be used for every type parameter.\n"},"level":"error","spans":[{"file_name":"src/monitor/website_status_checker.rs","byte_start":181,"byte_end":190,"line_start":9,"line_end":9,"column_start":17,"column_end":26,"is_primary":true,"text":[{"text":"#[derive(Debug, Serialize)]","highlight_start":17,"highlight_end":26}],"label":"the trait `Serialize` is not implemented for `DateTime<Utc>`","suggested_replacement":null,"suggestion_applicability":null,"expansion":{"span":{"file_name":"src/monitor/website_status_checker.rs","byte_start":181,"byte_end":190,"line_start":9,"line_end":9,"column_start":17,"column_end":26,"is_primary":false,"text":[{"text":"#[derive(Debug, Serialize)]","highlight_start":17,"highlight_end":26}],"label":null,"suggested_replacement":null,"suggestion_applicability":null,"expansion":null},"macro_decl_name":"#[derive(Serialize)]","def_site_span":{"file_name":"/home/codespace/.cargo/registry/src/index.crates.io-6f17d22bba15001f/serde_derive-1.0.215/src/lib.rs","byte_start":2547,"byte_end":2605,"line_start":91,"line_end":91,"column_start":1,"column_end":59,"is_primary":false,"text":[{"text":"pub fn derive_serialize(input: TokenStream) -> TokenStream {","highlight_start":1,"highlight_end":59}],"label":null,"suggested_replacement":null,"suggestion_applicability":null,"expansion":null}}},{"file_name":"src/monitor/website_status_checker.rs","byte_start":315,"byte_end":318,"line_start":14,"line_end":14,"column_start":5,"column_end":8,"is_primary":false,"text":[{"text":"    pub timestamp: DateTime<Utc>,","highlight_start":5,"highlight_end":8}],"label":"required by a bound introduced by this call","suggested_replacement":null,"suggestion_applicability":null,"expansion":null}],"children":[{"message":"for local types consider adding `#[derive(serde::Serialize)]` to your `DateTime<Utc>` type","code":null,"level":"note","spans":[],"children":[],"rendered":null},{"message":"for types from other crates check whether the crate offers a `serde` feature flag","code":null,"level":"note","spans":[],"children":[],"rendered":null},{"message":"the following other types implement trait `Serialize`:\n  &'a T\n  &'a mut T\n  ()\n  (T,)\n  (T0, T1)\n  (T0, T1, T2)\n  (T0, T1, T2, T3)\n  (T0, T1, T2, T3, T4)\nand 129 others","code":null,"level":"help","spans":[],"children":[],"rendered":null},{"message":"required by a bound in `_serde::ser::SerializeStruct::serialize_field`","code":null,"level":"note","spans":[{"file_name":"/home/codespace/.cargo/registry/src/index.crates.io-6f17d22bba15001f/serde-1.0.215/src/ser/mod.rs","byte_start":61047,"byte_end":61062,"line_start":1865,"line_end":1865,"column_start":8,"column_end":23,"is_primary":false,"text":[{"text":"    fn serialize_field<T>(&mut self, key: &'static str, value: &T) -> Result<(), Self::Error>","highlight_start":8,"highlight_end":23}],"label":"required by a bound in this associated function","suggested_replacement":null,"suggestion_applicability":null,"expansion":null},{"file_name":"/home/codespace/.cargo/registry/src/index.crates.io-6f17d22bba15001f/serde-1.0.215/src/ser/mod.rs","byte_start":61164,"byte_end":61173,"line_start":1867,"line_end":1867,"column_start":21,"column_end":30,"is_primary":true,"text":[{"text":"        T: ?Sized + Serialize;","highlight_start":21,"highlight_end":30}],"label":"required by this bound in `SerializeStruct::serialize_field`","suggested_replacement":null,"suggestion_applicability":null,"expansion":null}],"children":[],"rendered":null}],"rendered":"\u001b[0m\u001b[1m\u001b[38;5;9merror[E0277]\u001b[0m\u001b[0m\u001b[1m: the trait bound `DateTime<Utc>: Serialize` is not satisfied\u001b[0m\n\u001b[0m    \u001b[0m\u001b[0m\u001b[1m\u001b[38;5;12m--> \u001b[0m\u001b[0msrc/monitor/website_status_checker.rs:9:17\u001b[0m\n\u001b[0m     \u001b[0m\u001b[0m\u001b[1m\u001b[38;5;12m|\u001b[0m\n\u001b[0m\u001b[1m\u001b[38;5;12m9\u001b[0m\u001b[0m    \u001b[0m\u001b[0m\u001b[1m\u001b[38;5;12m|\u001b[0m\u001b[0m \u001b[0m\u001b[0m#[derive(Debug, Serialize)]\u001b[0m\n\u001b[0m     \u001b[0m\u001b[0m\u001b[1m\u001b[38;5;12m|\u001b[0m\u001b[0m                 \u001b[0m\u001b[0m\u001b[1m\u001b[38;5;9m^^^^^^^^^\u001b[0m\u001b[0m \u001b[0m\u001b[0m\u001b[1m\u001b[38;5;9mthe trait `Serialize` is not implemented for `DateTime<Utc>`\u001b[0m\n\u001b[0m\u001b[1m\u001b[38;5;12m...\u001b[0m\n\u001b[0m\u001b[1m\u001b[38;5;12m14\u001b[0m\u001b[0m   \u001b[0m\u001b[0m\u001b[1m\u001b[38;5;12m|\u001b[0m\u001b[0m \u001b[0m\u001b[0m    pub timestamp: DateTime<Utc>,\u001b[0m\n\u001b[0m     \u001b[0m\u001b[0m\u001b[1m\u001b[38;5;12m|\u001b[0m\u001b[0m     \u001b[0m\u001b[0m\u001b[1m\u001b[38;5;12m---\u001b[0m\u001b[0m \u001b[0m\u001b[0m\u001b[1m\u001b[38;5;12mrequired by a bound introduced by this call\u001b[0m\n\u001b[0m     \u001b[0m\u001b[0m\u001b[1m\u001b[38;5;12m|\u001b[0m\n\u001b[0m     \u001b[0m\u001b[0m\u001b[1m\u001b[38;5;12m= \u001b[0m\u001b[0m\u001b[1mnote\u001b[0m\u001b[0m: for local types consider adding `#[derive(serde::Serialize)]` to your `DateTime<Utc>` type\u001b[0m\n\u001b[0m     \u001b[0m\u001b[0m\u001b[1m\u001b[38;5;12m= \u001b[0m\u001b[0m\u001b[1mnote\u001b[0m\u001b[0m: for types from other crates check whether the crate offers a `serde` feature flag\u001b[0m\n\u001b[0m     \u001b[0m\u001b[0m\u001b[1m\u001b[38;5;12m= \u001b[0m\u001b[0m\u001b[1mhelp\u001b[0m\u001b[0m: the following other types implement trait `Serialize`:\u001b[0m\n\u001b[0m               &'a T\u001b[0m\n\u001b[0m               &'a mut T\u001b[0m\n\u001b[0m               ()\u001b[0m\n\u001b[0m               (T,)\u001b[0m\n\u001b[0m               (T0, T1)\u001b[0m\n\u001b[0m               (T0, T1, T2)\u001b[0m\n\u001b[0m               (T0, T1, T2, T3)\u001b[0m\n\u001b[0m               (T0, T1, T2, T3, T4)\u001b[0m\n\u001b[0m             and 129 others\u001b[0m\n\u001b[0m\u001b[1m\u001b[38;5;10mnote\u001b[0m\u001b[0m: required by a bound in `_serde::ser::SerializeStruct::serialize_field`\u001b[0m\n\u001b[0m    \u001b[0m\u001b[0m\u001b[1m\u001b[38;5;12m--> \u001b[0m\u001b[0m/home/codespace/.cargo/registry/src/index.crates.io-6f17d22bba15001f/serde-1.0.215/src/ser/mod.rs:1867:21\u001b[0m\n\u001b[0m     \u001b[0m\u001b[0m\u001b[1m\u001b[38;5;12m|\u001b[0m\n\u001b[0m\u001b[1m\u001b[38;5;12m1865\u001b[0m\u001b[0m \u001b[0m\u001b[0m\u001b[1m\u001b[38;5;12m|\u001b[0m\u001b[0m \u001b[0m\u001b[0m    fn serialize_field<T>(&mut self, key: &'static str, value: &T) -> Result<(), Self::Error>\u001b[0m\n\u001b[0m     \u001b[0m\u001b[0m\u001b[1m\u001b[38;5;12m|\u001b[0m\u001b[0m        \u001b[0m\u001b[0m\u001b[1m\u001b[38;5;12m---------------\u001b[0m\u001b[0m \u001b[0m\u001b[0m\u001b[1m\u001b[38;5;12mrequired by a bound in this associated function\u001b[0m\n\u001b[0m\u001b[1m\u001b[38;5;12m1866\u001b[0m\u001b[0m \u001b[0m\u001b[0m\u001b[1m\u001b[38;5;12m|\u001b[0m\u001b[0m \u001b[0m\u001b[0m    where\u001b[0m\n\u001b[0m\u001b[1m\u001b[38;5;12m1867\u001b[0m\u001b[0m \u001b[0m\u001b[0m\u001b[1m\u001b[38;5;12m|\u001b[0m\u001b[0m \u001b[0m\u001b[0m        T: ?Sized + Serialize;\u001b[0m\n\u001b[0m     \u001b[0m\u001b[0m\u001b[1m\u001b[38;5;12m|\u001b[0m\u001b[0m                     \u001b[0m\u001b[0m\u001b[1m\u001b[38;5;10m^^^^^^^^^\u001b[0m\u001b[0m \u001b[0m\u001b[0m\u001b[1m\u001b[38;5;10mrequired by this bound in `SerializeStruct::serialize_field`\u001b[0m\n\u001b[0m     \u001b[0m\u001b[0m\u001b[1m\u001b[38;5;12m= \u001b[0m\u001b[0m\u001b[1mnote\u001b[0m\u001b[0m: this error originates in the derive macro `Serialize` (in Nightly builds, run with -Z macro-backtrace for more info)\u001b[0m\n\n"}
{"$message_type":"diagnostic","message":"mismatched types","code":{"code":"E0308","explanation":"Expected type did not match the received type.\n\nErroneous code examples:\n\n```compile_fail,E0308\nfn plus_one(x: i32) -> i32 {\n    x + 1\n}\n\nplus_one(\"Not a number\");\n//       ^^^^^^^^^^^^^^ expected `i32`, found `&str`\n\nif \"Not a bool\" {\n// ^^^^^^^^^^^^ expected `bool`, found `&str`\n}\n\nlet x: f32 = \"Not a float\";\n//     ---   ^^^^^^^^^^^^^ expected `f32`, found `&str`\n//     |\n//     expected due to this\n```\n\nThis error occurs when an expression was used in a place where the compiler\nexpected an expression of a different type. It can occur in several cases, the\nmost common being when calling a function and passing an argument which has a\ndifferent type than the matching type in the function declaration.\n"},"level":"error","spans":[{"file_name":"src/monitor/website_status_checker.rs","byte_start":1576,"byte_end":1589,"line_start":64,"line_end":64,"column_start":21,"column_end":34,"is_primary":true,"text":[{"text":"    let status = if response.ok() {","highlight_start":21,"highlight_end":34}],"label":"expected `bool`, found `Option<Response>`","suggested_replacement":null,"suggestion_applicability":null,"expansion":{"span":{"file_name":"src/monitor/website_status_checker.rs","byte_start":1576,"byte_end":1589,"line_start":64,"line_end":64,"column_start":21,"column_end":34,"is_primary":false,"text":[{"text":"    let status = if response.ok() {","highlight_start":21,"highlight_end":34}],"label":null,"suggested_replacement":null,"suggestion_applicability":null,"expansion":null},"macro_decl_name":"desugaring of `if` or `while` condition","def_site_span":{"file_name":"src/main.rs","byte_start":0,"byte_end":0,"line_start":1,"line_end":1,"column_start":1,"column_end":1,"is_primary":false,"text":[],"label":null,"suggested_replacement":null,"suggestion_applicability":null,"expansion":null}}}],"children":[{"message":"expected type `bool`\n   found enum `std::option::Option<Response>`","code":null,"level":"note","spans":[],"children":[],"rendered":null},{"message":"use `Option::is_some` to test if the `Option` has a value","code":null,"level":"help","spans":[{"file_name":"src/monitor/website_status_checker.rs","byte_start":1589,"byte_end":1589,"line_start":64,"line_end":64,"column_start":34,"column_end":34,"is_primary":true,"text":[{"text":"    let status = if response.ok() {","highlight_start":34,"highlight_end":34}],"label":null,"suggested_replacement":".is_some()","suggestion_applicability":"MachineApplicable","expansion":null}],"children":[],"rendered":null}],"rendered":"\u001b[0m\u001b[1m\u001b[38;5;9merror[E0308]\u001b[0m\u001b[0m\u001b[1m: mismatched types\u001b[0m\n\u001b[0m  \u001b[0m\u001b[0m\u001b[1m\u001b[38;5;12m--> \u001b[0m\u001b[0msrc/monitor/website_status_checker.rs:64:21\u001b[0m\n\u001b[0m   \u001b[0m\u001b[0m\u001b[1m\u001b[38;5;12m|\u001b[0m\n\u001b[0m\u001b[1m\u001b[38;5;12m64\u001b[0m\u001b[0m \u001b[0m\u001b[0m\u001b[1m\u001b[38;5;12m|\u001b[0m\u001b[0m \u001b[0m\u001b[0m    let status = if response.ok() {\u001b[0m\n\u001b[0m   \u001b[0m\u001b[0m\u001b[1m\u001b[38;5;12m|\u001b[0m\u001b[0m                     \u001b[0m\u001b[0m\u001b[1m\u001b[38;5;9m^^^^^^^^^^^^^\u001b[0m\u001b[0m \u001b[0m\u001b[0m\u001b[1m\u001b[38;5;9mexpected `bool`, found `Option<Response>`\u001b[0m\n\u001b[0m   \u001b[0m\u001b[0m\u001b[1m\u001b[38;5;12m|\u001b[0m\n\u001b[0m   \u001b[0m\u001b[0m\u001b[1m\u001b[38;5;12m= \u001b[0m\u001b[0m\u001b[1mnote\u001b[0m\u001b[0m: expected type `\u001b[0m\u001b[0m\u001b[1m\u001b[35mbool\u001b[0m\u001b[0m`\u001b[0m\n\u001b[0m              found enum `\u001b[0m\u001b[0m\u001b[1m\u001b[35mstd::option::Option<Response>\u001b[0m\u001b[0m`\u001b[0m\n\u001b[0m\u001b[1m\u001b[38;5;14mhelp\u001b[0m\u001b[0m: use `Option::is_some` to test if the `Option` has a value\u001b[0m\n\u001b[0m   \u001b[0m\u001b[0m\u001b[1m\u001b[38;5;12m|\u001b[0m\n\u001b[0m\u001b[1m\u001b[38;5;12m64\u001b[0m\u001b[0m \u001b[0m\u001b[0m\u001b[1m\u001b[38;5;12m| \u001b[0m\u001b[0m    let status = if response.ok()\u001b[0m\u001b[0m\u001b[38;5;10m.is_some()\u001b[0m\u001b[0m {\u001b[0m\n\u001b[0m   \u001b[0m\u001b[0m\u001b[1m\u001b[38;5;12m|\u001b[0m\u001b[0m                                  \u001b[0m\u001b[0m\u001b[38;5;10m++++++++++\u001b[0m\n\n"}
{"$message_type":"diagnostic","message":"no method named `status` found for enum `Result` in the current scope","code":{"code":"E0599","explanation":"This error occurs when a method is used on a type which doesn't implement it:\n\nErroneous code example:\n\n```compile_fail,E0599\nstruct Mouth;\n\nlet x = Mouth;\nx.chocolate(); // error: no method named `chocolate` found for type `Mouth`\n               //        in the current scope\n```\n\nIn this case, you need to implement the `chocolate` method to fix the error:\n\n```\nstruct Mouth;\n\nimpl Mouth {\n    fn chocolate(&self) { // We implement the `chocolate` method here.\n        println!(\"Hmmm! I love chocolate!\");\n    }\n}\n\nlet x = Mouth;\nx.chocolate(); // ok!\n```\n"},"level":"error","spans":[{"file_name":"src/monitor/website_status_checker.rs","byte_start":1612,"byte_end":1618,"line_start":65,"line_end":65,"column_start":21,"column_end":27,"is_primary":true,"text":[{"text":"        Ok(response.status())","highlight_start":21,"highlight_end":27}],"label":"method not found in `Result<Response, Error>`","suggested_replacement":null,"suggestion_applicability":null,"expansion":null}],"children":[{"message":"the method `status` exists on the type `Response`","code":null,"level":"note","spans":[{"file_name":"/home/codespace/.cargo/registry/src/index.crates.io-6f17d22bba15001f/ureq-2.12.1/src/response.rs","byte_start":4784,"byte_end":4811,"line_start":149,"line_end":149,"column_start":5,"column_end":32,"is_primary":true,"text":[{"text":"    pub fn status(&self) -> u16 {","highlight_start":5,"highlight_end":32}],"label":null,"suggested_replacement":null,"suggestion_applicability":null,"expansion":null}],"children":[],"rendered":null},{"message":"consider using `Result::expect` to unwrap the `Response` value, panicking if the value is a `Result::Err`","code":null,"level":"help","spans":[{"file_name":"src/monitor/website_status_checker.rs","byte_start":1611,"byte_end":1611,"line_start":65,"line_end":65,"column_start":20,"column_end":20,"is_primary":true,"text":[{"text":"        Ok(response.status())","highlight_start":20,"highlight_end":20}],"label":null,"suggested_replacement":".expect(\"REASON\")","suggestion_applicability":"HasPlaceholders","expansion":null}],"children":[],"rendered":null}],"rendered":"\u001b[0m\u001b[1m\u001b[38;5;9merror[E0599]\u001b[0m\u001b[0m\u001b[1m: no method named `status` found for enum `Result` in the current scope\u001b[0m\n\u001b[0m   \u001b[0m\u001b[0m\u001b[1m\u001b[38;5;12m--> \u001b[0m\u001b[0msrc/monitor/website_status_checker.rs:65:21\u001b[0m\n\u001b[0m    \u001b[0m\u001b[0m\u001b[1m\u001b[38;5;12m|\u001b[0m\n\u001b[0m\u001b[1m\u001b[38;5;12m65\u001b[0m\u001b[0m  \u001b[0m\u001b[0m\u001b[1m\u001b[38;5;12m|\u001b[0m\u001b[0m \u001b[0m\u001b[0m        Ok(response.status())\u001b[0m\n\u001b[0m    \u001b[0m\u001b[0m\u001b[1m\u001b[38;5;12m|\u001b[0m\u001b[0m                     \u001b[0m\u001b[0m\u001b[1m\u001b[38;5;9m^^^^^^\u001b[0m\u001b[0m \u001b[0m\u001b[0m\u001b[1m\u001b[38;5;9mmethod not found in `Result<Response, Error>`\u001b[0m\n\u001b[0m    \u001b[0m\u001b[0m\u001b[1m\u001b[38;5;12m|\u001b[0m\n\u001b[0m\u001b[1m\u001b[38;5;10mnote\u001b[0m\u001b[0m: the method `status` exists on the type `Response`\u001b[0m\n\u001b[0m   \u001b[0m\u001b[0m\u001b[1m\u001b[38;5;12m--> \u001b[0m\u001b[0m/home/codespace/.cargo/registry/src/index.crates.io-6f17d22bba15001f/ureq-2.12.1/src/response.rs:149:5\u001b[0m\n\u001b[0m    \u001b[0m\u001b[0m\u001b[1m\u001b[38;5;12m|\u001b[0m\n\u001b[0m\u001b[1m\u001b[38;5;12m149\u001b[0m\u001b[0m \u001b[0m\u001b[0m\u001b[1m\u001b[38;5;12m|\u001b[0m\u001b[0m \u001b[0m\u001b[0m    pub fn status(&self) -> u16 {\u001b[0m\n\u001b[0m    \u001b[0m\u001b[0m\u001b[1m\u001b[38;5;12m|\u001b[0m\u001b[0m     \u001b[0m\u001b[0m\u001b[1m\u001b[38;5;10m^^^^^^^^^^^^^^^^^^^^^^^^^^^\u001b[0m\n\u001b[0m\u001b[1m\u001b[38;5;14mhelp\u001b[0m\u001b[0m: consider using `Result::expect` to unwrap the `Response` value, panicking if the value is a `Result::Err`\u001b[0m\n\u001b[0m    \u001b[0m\u001b[0m\u001b[1m\u001b[38;5;12m|\u001b[0m\n\u001b[0m\u001b[1m\u001b[38;5;12m65\u001b[0m\u001b[0m  \u001b[0m\u001b[0m\u001b[1m\u001b[38;5;12m| \u001b[0m\u001b[0m        Ok(response\u001b[0m\u001b[0m\u001b[38;5;10m.expect(\"REASON\")\u001b[0m\u001b[0m.status())\u001b[0m\n\u001b[0m    \u001b[0m\u001b[0m\u001b[1m\u001b[38;5;12m|\u001b[0m\u001b[0m                    \u001b[0m\u001b[0m\u001b[38;5;10m+++++++++++++++++\u001b[0m\n\n"}
{"$message_type":"diagnostic","message":"no method named `status_text` found for enum `Result` in the current scope","code":{"code":"E0599","explanation":"This error occurs when a method is used on a type which doesn't implement it:\n\nErroneous code example:\n\n```compile_fail,E0599\nstruct Mouth;\n\nlet x = Mouth;\nx.chocolate(); // error: no method named `chocolate` found for type `Mouth`\n               //        in the current scope\n```\n\nIn this case, you need to implement the `chocolate` method to fix the error:\n\n```\nstruct Mouth;\n\nimpl Mouth {\n    fn chocolate(&self) { // We implement the `chocolate` method here.\n        println!(\"Hmmm! I love chocolate!\");\n    }\n}\n\nlet x = Mouth;\nx.chocolate(); // ok!\n```\n"},"level":"error","spans":[{"file_name":"src/monitor/website_status_checker.rs","byte_start":1656,"byte_end":1667,"line_start":67,"line_end":67,"column_start":22,"column_end":33,"is_primary":true,"text":[{"text":"        Err(response.status_text().to_string())","highlight_start":22,"highlight_end":33}],"label":"method not found in `Result<Response, Error>`","suggested_replacement":null,"suggestion_applicability":null,"expansion":null}],"children":[{"message":"the method `status_text` exists on the type `Response`","code":null,"level":"note","spans":[{"file_name":"/home/codespace/.cargo/registry/src/index.crates.io-6f17d22bba15001f/ureq-2.12.1/src/response.rs","byte_start":5004,"byte_end":5037,"line_start":157,"line_end":157,"column_start":5,"column_end":38,"is_primary":true,"text":[{"text":"    pub fn status_text(&self) -> &str {","highlight_start":5,"highlight_end":38}],"label":null,"suggested_replacement":null,"suggestion_applicability":null,"expansion":null}],"children":[],"rendered":null},{"message":"consider using `Result::expect` to unwrap the `Response` value, panicking if the value is a `Result::Err`","code":null,"level":"help","spans":[{"file_name":"src/monitor/website_status_checker.rs","byte_start":1655,"byte_end":1655,"line_start":67,"line_end":67,"column_start":21,"column_end":21,"is_primary":true,"text":[{"text":"        Err(response.status_text().to_string())","highlight_start":21,"highlight_end":21}],"label":null,"suggested_replacement":".expect(\"REASON\")","suggestion_applicability":"HasPlaceholders","expansion":null}],"children":[],"rendered":null}],"rendered":"\u001b[0m\u001b[1m\u001b[38;5;9merror[E0599]\u001b[0m\u001b[0m\u001b[1m: no method named `status_text` found for enum `Result` in the current scope\u001b[0m\n\u001b[0m   \u001b[0m\u001b[0m\u001b[1m\u001b[38;5;12m--> \u001b[0m\u001b[0msrc/monitor/website_status_checker.rs:67:22\u001b[0m\n\u001b[0m    \u001b[0m\u001b[0m\u001b[1m\u001b[38;5;12m|\u001b[0m\n\u001b[0m\u001b[1m\u001b[38;5;12m67\u001b[0m\u001b[0m  \u001b[0m\u001b[0m\u001b[1m\u001b[38;5;12m|\u001b[0m\u001b[0m \u001b[0m\u001b[0m        Err(response.status_text().to_string())\u001b[0m\n\u001b[0m    \u001b[0m\u001b[0m\u001b[1m\u001b[38;5;12m|\u001b[0m\u001b[0m                      \u001b[0m\u001b[0m\u001b[1m\u001b[38;5;9m^^^^^^^^^^^\u001b[0m\u001b[0m \u001b[0m\u001b[0m\u001b[1m\u001b[38;5;9mmethod not found in `Result<Response, Error>`\u001b[0m\n\u001b[0m    \u001b[0m\u001b[0m\u001b[1m\u001b[38;5;12m|\u001b[0m\n\u001b[0m\u001b[1m\u001b[38;5;10mnote\u001b[0m\u001b[0m: the method `status_text` exists on the type `Response`\u001b[0m\n\u001b[0m   \u001b[0m\u001b[0m\u001b[1m\u001b[38;5;12m--> \u001b[0m\u001b[0m/home/codespace/.cargo/registry/src/index.crates.io-6f17d22bba15001f/ureq-2.12.1/src/response.rs:157:5\u001b[0m\n\u001b[0m    \u001b[0m\u001b[0m\u001b[1m\u001b[38;5;12m|\u001b[0m\n\u001b[0m\u001b[1m\u001b[38;5;12m157\u001b[0m\u001b[0m \u001b[0m\u001b[0m\u001b[1m\u001b[38;5;12m|\u001b[0m\u001b[0m \u001b[0m\u001b[0m    pub fn status_text(&self) -> &str {\u001b[0m\n\u001b[0m    \u001b[0m\u001b[0m\u001b[1m\u001b[38;5;12m|\u001b[0m\u001b[0m     \u001b[0m\u001b[0m\u001b[1m\u001b[38;5;10m^^^^^^^^^^^^^^^^^^^^^^^^^^^^^^^^^\u001b[0m\n\u001b[0m\u001b[1m\u001b[38;5;14mhelp\u001b[0m\u001b[0m: consider using `Result::expect` to unwrap the `Response` value, panicking if the value is a `Result::Err`\u001b[0m\n\u001b[0m    \u001b[0m\u001b[0m\u001b[1m\u001b[38;5;12m|\u001b[0m\n\u001b[0m\u001b[1m\u001b[38;5;12m67\u001b[0m\u001b[0m  \u001b[0m\u001b[0m\u001b[1m\u001b[38;5;12m| \u001b[0m\u001b[0m        Err(response\u001b[0m\u001b[0m\u001b[38;5;10m.expect(\"REASON\")\u001b[0m\u001b[0m.status_text().to_string())\u001b[0m\n\u001b[0m    \u001b[0m\u001b[0m\u001b[1m\u001b[38;5;12m|\u001b[0m\u001b[0m                     \u001b[0m\u001b[0m\u001b[38;5;10m+++++++++++++++++\u001b[0m\n\n"}
{"$message_type":"diagnostic","message":"aborting due to 4 previous errors","code":null,"level":"error","spans":[],"children":[],"rendered":"\u001b[0m\u001b[1m\u001b[38;5;9merror\u001b[0m\u001b[0m\u001b[1m: aborting due to 4 previous errors\u001b[0m\n\n"}
{"$message_type":"diagnostic","message":"Some errors have detailed explanations: E0277, E0308, E0599.","code":null,"level":"failure-note","spans":[],"children":[],"rendered":"\u001b[0m\u001b[1mSome errors have detailed explanations: E0277, E0308, E0599.\u001b[0m\n"}
{"$message_type":"diagnostic","message":"For more information about an error, try `rustc --explain E0277`.","code":null,"level":"failure-note","spans":[],"children":[],"rendered":"\u001b[0m\u001b[1mFor more information about an error, try `rustc --explain E0277`.\u001b[0m\n"}
